<?xml version="1.0" encoding="UTF-8"?>
<testng-results skipped="0" failed="0" total="1" passed="1">
  <reporter-output>
  </reporter-output>
  <suite name="Default suite" duration-ms="84318" started-at="2016-04-29T12:38:49Z" finished-at="2016-04-29T12:40:13Z">
    <groups>
    </groups>
    <test name="Default test" duration-ms="84318" started-at="2016-04-29T12:38:49Z" finished-at="2016-04-29T12:40:13Z">
      <class name="com.gurhanpro.amazonTest.AmazanTest.AmazonTest">
        <test-method status="PASS" signature="beforeMethod()[pri:0, instance:com.gurhanpro.amazonTest.AmazanTest.AmazonTest@6767c1fc]" name="beforeMethod" is-config="true" duration-ms="50734" started-at="2016-04-29T15:38:49Z" finished-at="2016-04-29T15:39:40Z">
          <reporter-output>
          </reporter-output>
        </test-method> <!-- beforeMethod -->
        <test-method status="PASS" signature="f()[pri:0, instance:com.gurhanpro.amazonTest.AmazanTest.AmazonTest@6767c1fc]" name="f" duration-ms="24551" started-at="2016-04-29T15:39:40Z" finished-at="2016-04-29T15:40:04Z">
          <reporter-output>
          </reporter-output>
        </test-method> <!-- f -->
        <test-method status="PASS" signature="afterMethod()[pri:0, instance:com.gurhanpro.amazonTest.AmazanTest.AmazonTest@6767c1fc]" name="afterMethod" is-config="true" duration-ms="8950" started-at="2016-04-29T15:40:04Z" finished-at="2016-04-29T15:40:13Z">
          <reporter-output>
          </reporter-output>
        </test-method> <!-- afterMethod -->
      </class> <!-- com.gurhanpro.amazonTest.AmazanTest.AmazonTest -->
    </test> <!-- Default test -->
  </suite> <!-- Default suite -->
</testng-results>
